Build started 2015/7/9 14:47:27.
     1>Project "D:\app_framework_engine\src\thirdparty\protobuf\vsprojects\libprotoc.vcxproj" on node 2 (Build target(s)).
     1>PrepareForBuild:
         Creating directory "D:\app_framework_engine\\out\Release\obj\libprotoc\libprotoc.tlog\".
       InitializeBuildStatus:
         Creating "D:\app_framework_engine\\out\Release\obj\libprotoc\libprotoc.tlog\unsuccessfulbuild" because "AlwaysCreate" was specified.
       ClCompile:
         C:\Program Files (x86)\Microsoft Visual Studio 12.0\VC\bin\CL.exe /c /I../src /I. /I"C:\Program Files (x86)\Visual Leak Detector\include" /Zi /nologo /W3 /WX- /O2 /Oy- /D WIN32 /D NDEBUG /D _WINDOWS /D _USRDLL /D LIBPROTOC_EXPORTS /Gm- /EHsc /MD /GS /fp:precise /Zc:wchar_t /Zc:forScope /Fo"D:\app_framework_engine\\out\Release\obj\libprotoc\\" /Fd"D:\app_framework_engine\\out\Release\obj\libprotoc\vc120.pdb" /Gd /TP /analyze- /errorReport:prompt /wd4244 /wd4267 /wd4018 /wd4355 /wd4800 /wd4251 /wd4996 /wd4146 /wd4305 ..\src\google\protobuf\compiler\java\java_doc_comment.cc ..\src\google\protobuf\compiler\code_generator.cc ..\src\google\protobuf\compiler\command_line_interface.cc ..\src\google\protobuf\compiler\cpp\cpp_enum.cc ..\src\google\protobuf\compiler\cpp\cpp_enum_field.cc ..\src\google\protobuf\compiler\cpp\cpp_extension.cc ..\src\google\protobuf\compiler\cpp\cpp_field.cc ..\src\google\protobuf\compiler\cpp\cpp_file.cc ..\src\google\protobuf\compiler\cpp\cpp_generator.cc ..\src\google\protobuf\compiler\cpp\cpp_helpers.cc ..\src\google\protobuf\compiler\cpp\cpp_map_field.cc ..\src\google\protobuf\compiler\cpp\cpp_message.cc ..\src\google\protobuf\compiler\cpp\cpp_message_field.cc ..\src\google\protobuf\compiler\cpp\cpp_primitive_field.cc ..\src\google\protobuf\compiler\cpp\cpp_service.cc ..\src\google\protobuf\compiler\cpp\cpp_string_field.cc ..\src\google\protobuf\compiler\ruby\ruby_generator.cc ..\src\google\protobuf\compiler\java\java_context.cc ..\src\google\protobuf\compiler\java\java_enum.cc ..\src\google\protobuf\compiler\java\java_enum_field.cc ..\src\google\protobuf\compiler\java\java_extension.cc ..\src\google\protobuf\compiler\java\java_field.cc ..\src\google\protobuf\compiler\java\java_file.cc ..\src\google\protobuf\compiler\java\java_generator.cc ..\src\google\protobuf\compiler\java\java_generator_factory.cc ..\src\google\protobuf\compiler\java\java_helpers.cc ..\src\google\protobuf\compiler\java\java_lazy_message_field.cc ..\src\google\protobuf\compiler\java\java_map_field.cc ..\src\google\protobuf\compiler\java\java_message.cc ..\src\google\protobuf\compiler\java\java_message_field.cc ..\src\google\protobuf\compiler\java\java_name_resolver.cc ..\src\google\protobuf\compiler\java\java_primitive_field.cc ..\src\google\protobuf\compiler\java\java_service.cc ..\src\google\protobuf\compiler\java\java_shared_code_generator.cc ..\src\google\protobuf\compiler\java\java_string_field.cc ..\src\google\protobuf\compiler\javanano\javanano_enum.cc ..\src\google\protobuf\compiler\javanano\javanano_enum_field.cc ..\src\google\protobuf\compiler\javanano\javanano_extension.cc ..\src\google\protobuf\compiler\javanano\javanano_field.cc ..\src\google\protobuf\compiler\javanano\javanano_file.cc ..\src\google\protobuf\compiler\javanano\javanano_generator.cc ..\src\google\protobuf\compiler\javanano\javanano_helpers.cc ..\src\google\protobuf\compiler\javanano\javanano_map_field.cc ..\src\google\protobuf\compiler\javanano\javanano_message.cc ..\src\google\protobuf\compiler\javanano\javanano_message_field.cc ..\src\google\protobuf\compiler\javanano\javanano_primitive_field.cc ..\src\google\protobuf\compiler\plugin.cc ..\src\google\protobuf\compiler\plugin.pb.cc ..\src\google\protobuf\compiler\python\python_generator.cc ..\src\google\protobuf\compiler\subprocess.cc ..\src\google\protobuf\compiler\zip_writer.cc
         java_doc_comment.cc
         code_generator.cc
         command_line_interface.cc
         cpp_enum.cc
         cpp_enum_field.cc
         cpp_extension.cc
         cpp_field.cc
         cpp_file.cc
         cpp_generator.cc
         cpp_helpers.cc
         cpp_map_field.cc
         cpp_message.cc
     1>..\src\google\protobuf\compiler\cpp\cpp_message.cc(849): warning C4065: switch statement contains 'default' but no 'case' labels
         cpp_message_field.cc
         cpp_primitive_field.cc
         cpp_service.cc
         cpp_string_field.cc
         ruby_generator.cc
         java_context.cc
         java_enum.cc
         java_enum_field.cc
         Generating Code...
         Compiling...
         java_extension.cc
         java_field.cc
         java_file.cc
         java_generator.cc
         java_generator_factory.cc
         java_helpers.cc
         java_lazy_message_field.cc
         java_map_field.cc
         java_message.cc
         java_message_field.cc
         java_name_resolver.cc
         java_primitive_field.cc
         java_service.cc
         java_shared_code_generator.cc
         java_string_field.cc
         javanano_enum.cc
         javanano_enum_field.cc
         javanano_extension.cc
         javanano_field.cc
         javanano_file.cc
         Generating Code...
         Compiling...
         javanano_generator.cc
         javanano_helpers.cc
         javanano_map_field.cc
         javanano_message.cc
         javanano_message_field.cc
         javanano_primitive_field.cc
         plugin.cc
         plugin.pb.cc
         python_generator.cc
         subprocess.cc
         zip_writer.cc
         Generating Code...
       Lib:
         C:\Program Files (x86)\Microsoft Visual Studio 12.0\VC\bin\Lib.exe /OUT:"D:\app_framework_engine\\out\Release\lib\libprotoc.lib" /LIBPATH:"C:\Program Files (x86)\Visual Leak Detector\lib\Win32" /NOLOGO D:\app_framework_engine\\out\Release\obj\libprotoc\java_doc_comment.obj
         D:\app_framework_engine\\out\Release\obj\libprotoc\code_generator.obj
         D:\app_framework_engine\\out\Release\obj\libprotoc\command_line_interface.obj
         D:\app_framework_engine\\out\Release\obj\libprotoc\cpp_enum.obj
         D:\app_framework_engine\\out\Release\obj\libprotoc\cpp_enum_field.obj
         D:\app_framework_engine\\out\Release\obj\libprotoc\cpp_extension.obj
         D:\app_framework_engine\\out\Release\obj\libprotoc\cpp_field.obj
         D:\app_framework_engine\\out\Release\obj\libprotoc\cpp_file.obj
         D:\app_framework_engine\\out\Release\obj\libprotoc\cpp_generator.obj
         D:\app_framework_engine\\out\Release\obj\libprotoc\cpp_helpers.obj
         D:\app_framework_engine\\out\Release\obj\libprotoc\cpp_map_field.obj
         D:\app_framework_engine\\out\Release\obj\libprotoc\cpp_message.obj
         D:\app_framework_engine\\out\Release\obj\libprotoc\cpp_message_field.obj
         D:\app_framework_engine\\out\Release\obj\libprotoc\cpp_primitive_field.obj
         D:\app_framework_engine\\out\Release\obj\libprotoc\cpp_service.obj
         D:\app_framework_engine\\out\Release\obj\libprotoc\cpp_string_field.obj
         D:\app_framework_engine\\out\Release\obj\libprotoc\ruby_generator.obj
         D:\app_framework_engine\\out\Release\obj\libprotoc\java_context.obj
         D:\app_framework_engine\\out\Release\obj\libprotoc\java_enum.obj
         D:\app_framework_engine\\out\Release\obj\libprotoc\java_enum_field.obj
         D:\app_framework_engine\\out\Release\obj\libprotoc\java_extension.obj
         D:\app_framework_engine\\out\Release\obj\libprotoc\java_field.obj
         D:\app_framework_engine\\out\Release\obj\libprotoc\java_file.obj
         D:\app_framework_engine\\out\Release\obj\libprotoc\java_generator.obj
         D:\app_framework_engine\\out\Release\obj\libprotoc\java_generator_factory.obj
         D:\app_framework_engine\\out\Release\obj\libprotoc\java_helpers.obj
         D:\app_framework_engine\\out\Release\obj\libprotoc\java_lazy_message_field.obj
         D:\app_framework_engine\\out\Release\obj\libprotoc\java_map_field.obj
         D:\app_framework_engine\\out\Release\obj\libprotoc\java_message.obj
         D:\app_framework_engine\\out\Release\obj\libprotoc\java_message_field.obj
         D:\app_framework_engine\\out\Release\obj\libprotoc\java_name_resolver.obj
         D:\app_framework_engine\\out\Release\obj\libprotoc\java_primitive_field.obj
         D:\app_framework_engine\\out\Release\obj\libprotoc\java_service.obj
         D:\app_framework_engine\\out\Release\obj\libprotoc\java_shared_code_generator.obj
         D:\app_framework_engine\\out\Release\obj\libprotoc\java_string_field.obj
         D:\app_framework_engine\\out\Release\obj\libprotoc\javanano_enum.obj
         D:\app_framework_engine\\out\Release\obj\libprotoc\javanano_enum_field.obj
         D:\app_framework_engine\\out\Release\obj\libprotoc\javanano_extension.obj
         D:\app_framework_engine\\out\Release\obj\libprotoc\javanano_field.obj
         D:\app_framework_engine\\out\Release\obj\libprotoc\javanano_file.obj
         D:\app_framework_engine\\out\Release\obj\libprotoc\javanano_generator.obj
         D:\app_framework_engine\\out\Release\obj\libprotoc\javanano_helpers.obj
         D:\app_framework_engine\\out\Release\obj\libprotoc\javanano_map_field.obj
         D:\app_framework_engine\\out\Release\obj\libprotoc\javanano_message.obj
         D:\app_framework_engine\\out\Release\obj\libprotoc\javanano_message_field.obj
         D:\app_framework_engine\\out\Release\obj\libprotoc\javanano_primitive_field.obj
         D:\app_framework_engine\\out\Release\obj\libprotoc\plugin.obj
         D:\app_framework_engine\\out\Release\obj\libprotoc\plugin.pb.obj
         D:\app_framework_engine\\out\Release\obj\libprotoc\python_generator.obj
         D:\app_framework_engine\\out\Release\obj\libprotoc\subprocess.obj
         D:\app_framework_engine\\out\Release\obj\libprotoc\zip_writer.obj
         libprotoc.vcxproj -> D:\app_framework_engine\\out\Release\lib\libprotoc.lib
       FinalizeBuildStatus:
         Deleting file "D:\app_framework_engine\\out\Release\obj\libprotoc\libprotoc.tlog\unsuccessfulbuild".
         Touching "D:\app_framework_engine\\out\Release\obj\libprotoc\libprotoc.tlog\libprotoc.lastbuildstate".
     1>Done Building Project "D:\app_framework_engine\src\thirdparty\protobuf\vsprojects\libprotoc.vcxproj" (Build target(s)).

Build succeeded.

Time Elapsed 00:00:40.38
