Build started 2015/7/9 14:46:57.
     1>Project "D:\app_framework_engine\src\thirdparty\protobuf\vsprojects\libprotobuf.vcxproj" on node 2 (Build target(s)).
     1>PrepareForBuild:
         Creating directory "D:\app_framework_engine\\out\Release\obj\libprotobuf\libprotobuf.tlog\".
       InitializeBuildStatus:
         Creating "D:\app_framework_engine\\out\Release\obj\libprotobuf\libprotobuf.tlog\unsuccessfulbuild" because "AlwaysCreate" was specified.
       ClCompile:
         C:\Program Files (x86)\Microsoft Visual Studio 12.0\VC\bin\CL.exe /c /I../src /I. /I"C:\Program Files (x86)\Visual Leak Detector\include" /Zi /nologo /W3 /WX- /O2 /Oy- /D WIN32 /D NDEBUG /D _WINDOWS /D _USRDLL /D LIBPROTOBUF_EXPORTS /Gm- /EHsc /MD /GS /fp:precise /Zc:wchar_t /Zc:forScope /Fo"D:\app_framework_engine\\out\Release\obj\libprotobuf\\" /Fd"D:\app_framework_engine\\out\Release\obj\libprotobuf\vc120.pdb" /Gd /TP /analyze- /errorReport:prompt /wd4244 /wd4267 /wd4018 /wd4355 /wd4800 /wd4251 /wd4996 /wd4146 /wd4305 ..\src\google\protobuf\stubs\atomicops_internals_x86_gcc.cc ..\src\google\protobuf\stubs\atomicops_internals_x86_msvc.cc ..\src\google\protobuf\stubs\common.cc ..\src\google\protobuf\stubs\once.cc ..\src\google\protobuf\stubs\stringprintf.cc ..\src\google\protobuf\arena.cc ..\src\google\protobuf\arenastring.cc ..\src\google\protobuf\extension_set.cc ..\src\google\protobuf\generated_message_util.cc ..\src\google\protobuf\map_field.cc ..\src\google\protobuf\message_lite.cc ..\src\google\protobuf\repeated_field.cc ..\src\google\protobuf\wire_format_lite.cc ..\src\google\protobuf\io\coded_stream.cc ..\src\google\protobuf\io\zero_copy_stream.cc ..\src\google\protobuf\io\zero_copy_stream_impl_lite.cc ..\src\google\protobuf\stubs\strutil.cc ..\src\google\protobuf\stubs\substitute.cc ..\src\google\protobuf\stubs\structurally_valid.cc ..\src\google\protobuf\descriptor.cc ..\src\google\protobuf\descriptor_database.cc ..\src\google\protobuf\descriptor.pb.cc ..\src\google\protobuf\dynamic_message.cc ..\src\google\protobuf\extension_set_heavy.cc ..\src\google\protobuf\generated_message_reflection.cc ..\src\google\protobuf\message.cc ..\src\google\protobuf\reflection_ops.cc ..\src\google\protobuf\service.cc ..\src\google\protobuf\text_format.cc ..\src\google\protobuf\unknown_field_set.cc ..\src\google\protobuf\wire_format.cc ..\src\google\protobuf\io\gzip_stream.cc ..\src\google\protobuf\io\printer.cc ..\src\google\protobuf\io\strtod.cc ..\src\google\protobuf\io\tokenizer.cc ..\src\google\protobuf\io\zero_copy_stream_impl.cc ..\src\google\protobuf\compiler\importer.cc ..\src\google\protobuf\compiler\parser.cc
         atomicops_internals_x86_gcc.cc
         atomicops_internals_x86_msvc.cc
         common.cc
         once.cc
         stringprintf.cc
         arena.cc
         arenastring.cc
         extension_set.cc
         generated_message_util.cc
         map_field.cc
         message_lite.cc
         repeated_field.cc
         wire_format_lite.cc
         coded_stream.cc
         zero_copy_stream.cc
         zero_copy_stream_impl_lite.cc
         strutil.cc
         substitute.cc
         structurally_valid.cc
         descriptor.cc
         Generating Code...
         Compiling...
         descriptor_database.cc
         descriptor.pb.cc
         dynamic_message.cc
         extension_set_heavy.cc
         generated_message_reflection.cc
     1>..\src\google\protobuf\generated_message_reflection.cc(1882): warning C4065: switch statement contains 'default' but no 'case' labels
     1>C:\Program Files (x86)\Microsoft Visual Studio 12.0\VC\include\xtree(893): warning C4506: no definition for inline function 'google::protobuf::Message *google::protobuf::internal::GenericTypeHandler<google::protobuf::Message>::NewFromPrototype(const GenericType *,google::protobuf::Arena *)'
                 with
                 [
                     GenericType=google::protobuf::Message
                 ]
         message.cc
         reflection_ops.cc
         service.cc
         text_format.cc
         unknown_field_set.cc
         wire_format.cc
         gzip_stream.cc
         printer.cc
         strtod.cc
         tokenizer.cc
         zero_copy_stream_impl.cc
         importer.cc
         parser.cc
         Generating Code...
       Lib:
         C:\Program Files (x86)\Microsoft Visual Studio 12.0\VC\bin\Lib.exe /OUT:"D:\app_framework_engine\\out\Release\lib\libprotobuf.lib" /LIBPATH:"C:\Program Files (x86)\Visual Leak Detector\lib\Win32" /NOLOGO D:\app_framework_engine\\out\Release\obj\libprotobuf\atomicops_internals_x86_gcc.obj
         D:\app_framework_engine\\out\Release\obj\libprotobuf\atomicops_internals_x86_msvc.obj
         D:\app_framework_engine\\out\Release\obj\libprotobuf\common.obj
         D:\app_framework_engine\\out\Release\obj\libprotobuf\once.obj
         D:\app_framework_engine\\out\Release\obj\libprotobuf\stringprintf.obj
         D:\app_framework_engine\\out\Release\obj\libprotobuf\arena.obj
         D:\app_framework_engine\\out\Release\obj\libprotobuf\arenastring.obj
         D:\app_framework_engine\\out\Release\obj\libprotobuf\extension_set.obj
         D:\app_framework_engine\\out\Release\obj\libprotobuf\generated_message_util.obj
         D:\app_framework_engine\\out\Release\obj\libprotobuf\map_field.obj
         D:\app_framework_engine\\out\Release\obj\libprotobuf\message_lite.obj
         D:\app_framework_engine\\out\Release\obj\libprotobuf\repeated_field.obj
         D:\app_framework_engine\\out\Release\obj\libprotobuf\wire_format_lite.obj
         D:\app_framework_engine\\out\Release\obj\libprotobuf\coded_stream.obj
         D:\app_framework_engine\\out\Release\obj\libprotobuf\zero_copy_stream.obj
         D:\app_framework_engine\\out\Release\obj\libprotobuf\zero_copy_stream_impl_lite.obj
         D:\app_framework_engine\\out\Release\obj\libprotobuf\strutil.obj
         D:\app_framework_engine\\out\Release\obj\libprotobuf\substitute.obj
         D:\app_framework_engine\\out\Release\obj\libprotobuf\structurally_valid.obj
         D:\app_framework_engine\\out\Release\obj\libprotobuf\descriptor.obj
         D:\app_framework_engine\\out\Release\obj\libprotobuf\descriptor_database.obj
         D:\app_framework_engine\\out\Release\obj\libprotobuf\descriptor.pb.obj
         D:\app_framework_engine\\out\Release\obj\libprotobuf\dynamic_message.obj
         D:\app_framework_engine\\out\Release\obj\libprotobuf\extension_set_heavy.obj
         D:\app_framework_engine\\out\Release\obj\libprotobuf\generated_message_reflection.obj
         D:\app_framework_engine\\out\Release\obj\libprotobuf\message.obj
         D:\app_framework_engine\\out\Release\obj\libprotobuf\reflection_ops.obj
         D:\app_framework_engine\\out\Release\obj\libprotobuf\service.obj
         D:\app_framework_engine\\out\Release\obj\libprotobuf\text_format.obj
         D:\app_framework_engine\\out\Release\obj\libprotobuf\unknown_field_set.obj
         D:\app_framework_engine\\out\Release\obj\libprotobuf\wire_format.obj
         D:\app_framework_engine\\out\Release\obj\libprotobuf\gzip_stream.obj
         D:\app_framework_engine\\out\Release\obj\libprotobuf\printer.obj
         D:\app_framework_engine\\out\Release\obj\libprotobuf\strtod.obj
         D:\app_framework_engine\\out\Release\obj\libprotobuf\tokenizer.obj
         D:\app_framework_engine\\out\Release\obj\libprotobuf\zero_copy_stream_impl.obj
         D:\app_framework_engine\\out\Release\obj\libprotobuf\importer.obj
         D:\app_framework_engine\\out\Release\obj\libprotobuf\parser.obj
     1>atomicops_internals_x86_gcc.obj : warning LNK4221: This object file does not define any previously undefined public symbols, so it will not be used by any link operation that consumes this library
         libprotobuf.vcxproj -> D:\app_framework_engine\\out\Release\lib\libprotobuf.lib
       FinalizeBuildStatus:
         Deleting file "D:\app_framework_engine\\out\Release\obj\libprotobuf\libprotobuf.tlog\unsuccessfulbuild".
         Touching "D:\app_framework_engine\\out\Release\obj\libprotobuf\libprotobuf.tlog\libprotobuf.lastbuildstate".
     1>Done Building Project "D:\app_framework_engine\src\thirdparty\protobuf\vsprojects\libprotobuf.vcxproj" (Build target(s)).

Build succeeded.

Time Elapsed 00:00:29.95
