Build started 2015/7/9 14:48:07.
     1>Project "D:\app_framework_engine\src\thirdparty\protobuf\vsprojects\protoc.vcxproj" on node 3 (Build target(s)).
     1>PrepareForBuild:
         Creating directory "D:\app_framework_engine\\out\Release\obj\protoc\protoc.tlog\".
       InitializeBuildStatus:
         Creating "D:\app_framework_engine\\out\Release\obj\protoc\protoc.tlog\unsuccessfulbuild" because "AlwaysCreate" was specified.
       ClCompile:
         C:\Program Files (x86)\Microsoft Visual Studio 12.0\VC\bin\CL.exe /c /I../src /I. /I"C:\Program Files (x86)\Visual Leak Detector\include" /Zi /nologo /W3 /WX- /O2 /Oy- /D WIN32 /D NDEBUG /D _CONSOLE /Gm- /EHsc /MD /GS /fp:precise /Zc:wchar_t /Zc:forScope /Fo"D:\app_framework_engine\\out\Release\obj\protoc\\" /Fd"D:\app_framework_engine\\out\Release\obj\protoc\vc120.pdb" /Gd /TP /analyze- /errorReport:prompt /wd4244 /wd4267 /wd4018 /wd4355 /wd4800 /wd4251 /wd4996 /wd4146 /wd4305 ..\src\google\protobuf\compiler\main.cc
         main.cc
       Link:
         C:\Program Files (x86)\Microsoft Visual Studio 12.0\VC\bin\link.exe /ERRORREPORT:PROMPT /OUT:"D:\app_framework_engine\\out\Release\bin\protoc.exe" /INCREMENTAL /NOLOGO /LIBPATH:"C:\Program Files (x86)\Visual Leak Detector\lib\Win32" kernel32.lib user32.lib gdi32.lib winspool.lib comdlg32.lib advapi32.lib shell32.lib ole32.lib oleaut32.lib uuid.lib odbc32.lib odbccp32.lib /MANIFEST /MANIFESTUAC:"level='asInvoker' uiAccess='false'" /manifest:embed /DEBUG /PDB:"D:\app_framework_engine\\out\Release\bin\protoc.pdb" /SUBSYSTEM:CONSOLE /OPT:REF /OPT:ICF /TLBID:1 /DYNAMICBASE /NXCOMPAT /IMPLIB:"D:\app_framework_engine\\out\Release\bin\protoc.lib" /MACHINE:X86 /SAFESEH D:\app_framework_engine\\out\Release\obj\protoc\main.obj
         D:\app_framework_engine\out\Release\lib\libprotobuf.lib
         D:\app_framework_engine\out\Release\lib\libprotoc.lib
     1>LINK : warning LNK4075: ignoring '/INCREMENTAL' due to '/OPT:ICF' specification
         protoc.vcxproj -> D:\app_framework_engine\\out\Release\bin\protoc.exe
       FinalizeBuildStatus:
         Deleting file "D:\app_framework_engine\\out\Release\obj\protoc\protoc.tlog\unsuccessfulbuild".
         Touching "D:\app_framework_engine\\out\Release\obj\protoc\protoc.tlog\protoc.lastbuildstate".
     1>Done Building Project "D:\app_framework_engine\src\thirdparty\protobuf\vsprojects\protoc.vcxproj" (Build target(s)).

Build succeeded.

Time Elapsed 00:00:02.21
