Build started 2015/7/9 14:47:04.
     1>Project "D:\app_framework_engine\src\nplugins\nplugins.vcxproj" on node 4 (Build target(s)).
     1>PrepareForBuild:
         Creating directory "D:\app_framework_engine\\out\Release\obj\nplugins\nplugins.tlog\".
       InitializeBuildStatus:
         Creating "D:\app_framework_engine\\out\Release\obj\nplugins\nplugins.tlog\unsuccessfulbuild" because "AlwaysCreate" was specified.
       ClCompile:
         C:\Program Files (x86)\Microsoft Visual Studio 12.0\VC\bin\CL.exe /c /ID:\app_framework_engine\\src\ /ID:\app_framework_engine\\src\thirdparty\ /ID:\app_framework_engine\\src\thirdparty\zlib\ /ID:\app_framework_engine\\src\thirdparty\plog\include\ /I"C:\Program Files (x86)\Visual Leak Detector\include" /Zi /nologo /W3 /WX- /O2 /Oy- /D WIN32 /D NDEBUG /D _WINDOWS /D _USRDLL /D _WINDLL /D _MBCS /Gm- /EHsc /MD /GS /fp:precise /Zc:wchar_t /Zc:forScope /GR /Fo"D:\app_framework_engine\\out\Release\obj\nplugins\\" /Fd"D:\app_framework_engine\\out\Release\obj\nplugins\vc120.pdb" /Gd /TP /analyze- /errorReport:prompt np_exports_address.cc np_framework.cc np_instance_interface.cc np_instance_internal.cc
         np_exports_address.cc
         np_framework.cc
     1>np_framework.cc(6): warning C4273: 'NP::NP_Framework::NP_Framework' : inconsistent dll linkage
                 D:\app_framework_engine\src\nplugins/np_framework.h(13) : see previous definition of '{ctor}'
     1>np_framework.cc(9): warning C4273: 'NP::NP_Framework::NP_Framework' : inconsistent dll linkage
                 D:\app_framework_engine\src\nplugins/np_framework.h(14) : see previous definition of '{ctor}'
     1>np_framework.cc(12): warning C4273: 'NP::NP_Framework::~NP_Framework' : inconsistent dll linkage
                 D:\app_framework_engine\src\nplugins/np_framework.h(15) : see previous definition of '{dtor}'
     1>np_framework.cc(15): warning C4273: 'NP::NP_Framework::Auto' : inconsistent dll linkage
                 D:\app_framework_engine\src\nplugins/np_framework.h(16) : see previous definition of 'Auto'
     1>np_framework.cc(23): warning C4273: 'NP::NP_Framework::Release' : inconsistent dll linkage
                 D:\app_framework_engine\src\nplugins/np_framework.h(17) : see previous definition of 'Release'
     1>np_framework.cc(31): warning C4273: 'NP::NP_Framework::Load' : inconsistent dll linkage
                 D:\app_framework_engine\src\nplugins/np_framework.h(18) : see previous definition of 'Load'
     1>np_framework.cc(43): warning C4273: 'NP::NP_Framework::Free' : inconsistent dll linkage
                 D:\app_framework_engine\src\nplugins/np_framework.h(19) : see previous definition of 'Free'
     1>np_framework.cc(54): warning C4273: 'NP::NP_Framework::Free' : inconsistent dll linkage
                 D:\app_framework_engine\src\nplugins/np_framework.h(20) : see previous definition of 'Free'
     1>np_framework.cc(62): warning C4273: 'NP::NP_Framework::Begin' : inconsistent dll linkage
                 D:\app_framework_engine\src\nplugins/np_framework.h(21) : see previous definition of 'Begin'
     1>np_framework.cc(65): warning C4273: 'NP::NP_Framework::End' : inconsistent dll linkage
                 D:\app_framework_engine\src\nplugins/np_framework.h(22) : see previous definition of 'End'
     1>np_framework.cc(68): warning C4273: 'NP::NP_Framework::Tuple' : inconsistent dll linkage
                 D:\app_framework_engine\src\nplugins/np_framework.h(23) : see previous definition of 'Tuple'
         np_instance_interface.cc
         np_instance_internal.cc
         Generating Code...
       Link:
         C:\Program Files (x86)\Microsoft Visual Studio 12.0\VC\bin\link.exe /ERRORREPORT:PROMPT /OUT:"D:\app_framework_engine\\out\Release\bin\nplugins.dll" /INCREMENTAL:NO /NOLOGO /LIBPATH:"C:\Program Files (x86)\Visual Leak Detector\lib\Win32" kernel32.lib user32.lib gdi32.lib winspool.lib comdlg32.lib advapi32.lib shell32.lib ole32.lib oleaut32.lib uuid.lib odbc32.lib odbccp32.lib /MANIFEST /MANIFESTUAC:"level='asInvoker' uiAccess='false'" /manifest:embed /PDB:"D:\app_framework_engine\\out\Release\bin\nplugins.pdb" /SUBSYSTEM:WINDOWS /OPT:REF /OPT:ICF /TLBID:1 /DYNAMICBASE /NXCOMPAT /IMPLIB:"D:\app_framework_engine\\out\Release\lib\nplugins.lib" /MACHINE:X86 /SAFESEH /DLL D:\app_framework_engine\\out\Release\obj\nplugins\np_exports_address.obj
         D:\app_framework_engine\\out\Release\obj\nplugins\np_framework.obj
         D:\app_framework_engine\\out\Release\obj\nplugins\np_instance_interface.obj
         D:\app_framework_engine\\out\Release\obj\nplugins\np_instance_internal.obj
            Creating library D:\app_framework_engine\\out\Release\lib\nplugins.lib and object D:\app_framework_engine\\out\Release\lib\nplugins.exp
         nplugins.vcxproj -> D:\app_framework_engine\\out\Release\bin\nplugins.dll
       FinalizeBuildStatus:
         Deleting file "D:\app_framework_engine\\out\Release\obj\nplugins\nplugins.tlog\unsuccessfulbuild".
         Touching "D:\app_framework_engine\\out\Release\obj\nplugins\nplugins.tlog\nplugins.lastbuildstate".
     1>Done Building Project "D:\app_framework_engine\src\nplugins\nplugins.vcxproj" (Build target(s)).

Build succeeded.

Time Elapsed 00:00:11.97
