Build started 2015/7/9 14:47:16.
     1>Project "D:\app_framework_engine\src\thirdparty\googleurl\build\googleurl.vcxproj" on node 4 (Build target(s)).
     1>PrepareForBuild:
         Creating directory "D:\app_framework_engine\\out\Release\obj\googleurl\googleurl.tlog\".
       InitializeBuildStatus:
         Creating "D:\app_framework_engine\\out\Release\obj\googleurl\googleurl.tlog\unsuccessfulbuild" because "AlwaysCreate" was specified.
       ClCompile:
         C:\Program Files (x86)\Microsoft Visual Studio 12.0\VC\bin\CL.exe /c /ID:\app_framework_engine\\src\ /ID:\app_framework_engine\\src\thirdparty\ /ID:\app_framework_engine\\src\thirdparty\googleurl\ /ID:\app_framework_engine\\src\thirdparty\icu\common\ /I"C:\Program Files (x86)\Visual Leak Detector\include" /Zi /nologo /W1 /WX- /O2 /Oy- /D WIN32 /Gm- /EHsc /MT /GS /fp:precise /Zc:wchar_t /Zc:forScope /Fo"D:\app_framework_engine\\out\Release\obj\googleurl\\" /Fd"D:\app_framework_engine\\out\Release\obj\googleurl\vc120.pdb" /Gd /TP /analyze- /errorReport:prompt ..\src\gurl.cc ..\src\url_canon_etc.cc ..\src\url_canon_filesystemurl.cc ..\src\url_canon_fileurl.cc ..\src\url_canon_host.cc ..\src\url_canon_icu.cc ..\src\url_canon_internal.cc ..\src\url_canon_ip.cc ..\src\url_canon_mailtourl.cc ..\src\url_canon_path.cc ..\src\url_canon_pathurl.cc ..\src\url_canon_query.cc ..\src\url_canon_relative.cc ..\src\url_canon_stdurl.cc ..\src\url_parse.cc ..\src\url_parse_file.cc ..\src\url_util.cc
         gurl.cc
         url_canon_etc.cc
         url_canon_filesystemurl.cc
         url_canon_fileurl.cc
         url_canon_host.cc
         url_canon_icu.cc
         url_canon_internal.cc
         url_canon_ip.cc
         url_canon_mailtourl.cc
         url_canon_path.cc
         url_canon_pathurl.cc
         url_canon_query.cc
         url_canon_relative.cc
         url_canon_stdurl.cc
         url_parse.cc
         url_parse_file.cc
         url_util.cc
         Generating Code...
       Lib:
         C:\Program Files (x86)\Microsoft Visual Studio 12.0\VC\bin\Lib.exe /OUT:"D:\app_framework_engine\\out\Release\lib\googleurl.lib" /LIBPATH:"C:\Program Files (x86)\Visual Leak Detector\lib\Win32" /NOLOGO D:\app_framework_engine\\out\Release\obj\googleurl\gurl.obj
         D:\app_framework_engine\\out\Release\obj\googleurl\url_canon_etc.obj
         D:\app_framework_engine\\out\Release\obj\googleurl\url_canon_filesystemurl.obj
         D:\app_framework_engine\\out\Release\obj\googleurl\url_canon_fileurl.obj
         D:\app_framework_engine\\out\Release\obj\googleurl\url_canon_host.obj
         D:\app_framework_engine\\out\Release\obj\googleurl\url_canon_icu.obj
         D:\app_framework_engine\\out\Release\obj\googleurl\url_canon_internal.obj
         D:\app_framework_engine\\out\Release\obj\googleurl\url_canon_ip.obj
         D:\app_framework_engine\\out\Release\obj\googleurl\url_canon_mailtourl.obj
         D:\app_framework_engine\\out\Release\obj\googleurl\url_canon_path.obj
         D:\app_framework_engine\\out\Release\obj\googleurl\url_canon_pathurl.obj
         D:\app_framework_engine\\out\Release\obj\googleurl\url_canon_query.obj
         D:\app_framework_engine\\out\Release\obj\googleurl\url_canon_relative.obj
         D:\app_framework_engine\\out\Release\obj\googleurl\url_canon_stdurl.obj
         D:\app_framework_engine\\out\Release\obj\googleurl\url_parse.obj
         D:\app_framework_engine\\out\Release\obj\googleurl\url_parse_file.obj
         D:\app_framework_engine\\out\Release\obj\googleurl\url_util.obj
         googleurl.vcxproj -> D:\app_framework_engine\\out\Release\lib\googleurl.lib
       FinalizeBuildStatus:
         Deleting file "D:\app_framework_engine\\out\Release\obj\googleurl\googleurl.tlog\unsuccessfulbuild".
         Touching "D:\app_framework_engine\\out\Release\obj\googleurl\googleurl.tlog\googleurl.lastbuildstate".
     1>Done Building Project "D:\app_framework_engine\src\thirdparty\googleurl\build\googleurl.vcxproj" (Build target(s)).

Build succeeded.

Time Elapsed 00:00:08.48
